2023-10-18 15:15:23.545 catalina-exec-3  WARN [FRT.RES_MESSAGE] [MVC010252005065202310181515229759530] [comItfcIdcdScanPSI001c] [198.18.22.108] hone.log.message [ 315] : [COM198018018080202310181515235266763] BomRequestInfo[COM198018018080202310181515235266763, UserId=1077593, ClientType=WEB, ClientId=null, TxCode=comItfcIdcdScanPSI001c, ClientIP=198.18.22.108, AdditionalData={}, currentElapsedTime=19], requestURI=/com/hlicp/com/comItfcIdcdScanPSI001c, requestURL=http://qaing.hanwhalife.com/com/hlicp/com/comItfcIdcdScanPSI001cMessageLogData [data={
  "header" : {
    "trnnNo" : "MVC010252005065202310181515229759530",
    "trnmSysCode" : "MVC",
    "ipAddr" : "010252005065",
    "tlgrCretDttm" : "20231018151522975",
    "rndmNo" : "9530",
    "hsno" : 1,
    "ctfnTokn" : "",
    "ogtsTrnnNo" : "",
    "prsnInfoIncsYn" : "N",
    "itfcId" : "HLIMVC00002",
    "rcveSrvcId" : "comItfcIdcdScanPSI001c",
    "rcveSysCode" : "COM",
    "mciNodeNo" : "",
    "mciSesnId" : "",
    "serverType" : "Q",
    "rspnDvsnCode" : "R",
    "extlDvsnCode" : "1",
    "emnb" : "1077593",
    "belnOrgnCode" : "00630",
    "custId" : "",
    "chnlTypeCode" : "SVR",
    "scrnId" : "",
    "befoScrnId" : "",
    "userTmunIdnfVal" : "",
    "rqsrIp" : "",
    "rqstDttm" : "",
    "totalCount" : 0,
    "lastPageYn" : "",
    "baseCrny" : "",
    "baseCnty" : "",
    "baseLang" : "",
    "tscsRqstVal" : "",
    "tlgrRspnDttm" : "20231018151523545",
    "prcsRsltDvsnCode" : "0",
    "msgeListCont" : 1,
    "msgeList" : [ ],
    "msgeStackTrace" : "",
    "postfixSysCode" : "",
    "subTrnmSysType" : ""
  },
  "payload" : {
    "prcsSucsYn" : "Y"
  }
}, encrypt=false]
