2023-10-18 16:46:29.497 catalina-exec-277  WARN [FRT.REQ_MESSAGE] [MVC010252005065202310181646289701206] [icsTrflCnfmPSI002r] [198.18.22.108] hone.log.message [ 292] : [ICS198018017223202310181646294900038] BomRequestInfo[ICS198018017223202310181646294900038, UserId=1077593, ClientType=WEB, ClientId=null, TxCode=icsTrflCnfmPSI002r, ClientIP=198.18.22.108, AdditionalData=, currentElapsedTime=7], requestURI=/ics/hlicp/ics/icsTrflCnfmPSI002r, requestURL=http://qaing.hanwhalife.com/ics/hlicp/ics/icsTrflCnfmPSI002rMessageLogData [data={
  "header" : {
    "trnnNo" : "MVC010252005065202310181646289701206",
    "trnmSysCode" : "MVC",
    "ipAddr" : "010252005065",
    "tlgrCretDttm" : "20231018164628970",
    "rndmNo" : "1206",
    "hsno" : 1,
    "ctfnTokn" : "",
    "ogtsTrnnNo" : "",
    "prsnInfoIncsYn" : "N",
    "itfcId" : "HLIMVC00003",
    "rcveSrvcId" : "icsTrflCnfmPSI002r",
    "rcveSysCode" : "ICS",
    "mciNodeNo" : "",
    "mciSesnId" : "",
    "serverType" : "Q",
    "rspnDvsnCode" : "S",
    "extlDvsnCode" : "1",
    "emnb" : "1077593",
    "belnOrgnCode" : "00630",
    "custId" : "",
    "chnlTypeCode" : "SVR",
    "scrnId" : "",
    "befoScrnId" : "",
    "userTmunIdnfVal" : "",
    "rqsrIp" : "",
    "rqstDttm" : "",
    "totalCount" : 0,
    "lastPageYn" : "",
    "baseCrny" : "",
    "baseCnty" : "",
    "baseLang" : "",
    "tscsRqstVal" : "",
    "tlgrRspnDttm" : "",
    "prcsRsltDvsnCode" : "",
    "msgeListCont" : 1,
    "msgeList" : [ ],
    "msgeStackTrace" : "",
    "postfixSysCode" : "",
    "subTrnmSysType" : ""
  },
  "payload" : {
    "psprNo" : "",
    "custNm" : "최주열",
    "trflCnfmDvsnCode" : "011",
    "trflCnfmBswrDvsnCode" : "01",
    "btdt" : "19881022",
    "drvnLcnsSqno" : "",
    "trflCnfmJobCode" : "CS001",
    "rrno" : "8810221229923",
    "frnrRgstNo" : "",
    "custId" : "0052778800",
    "drvnLcnsNo" : "130760650530",
    "trflCnfmChnlCode" : "01",
    "prcsBswrScrnId" : "MSESTEP05"
  }
}, encrypt=false]
