2023-10-20 13:47:23.578 catalina-exec-10  WARN [FRT.REQ_MESSAGE] [MVC010252005065202310201347230392411] [icsIntgCustPSI008r] [198.18.22.108] hone.log.message [ 292] : [ICS198018016212202310201347235716984] BomRequestInfo[ICS198018016212202310201347235716984, UserId=1077593, ClientType=WEB, ClientId=null, TxCode=icsIntgCustPSI008r, ClientIP=198.18.22.108, AdditionalData=, currentElapsedTime=7], requestURI=/ics/hlicp/ics/icsIntgCustPSI008r, requestURL=http://qaing.hanwhalife.com/ics/hlicp/ics/icsIntgCustPSI008rMessageLogData [data={
  "header" : {
    "trnnNo" : "MVC010252005065202310201347230392411",
    "trnmSysCode" : "MVC",
    "ipAddr" : "010252005065",
    "tlgrCretDttm" : "20231020134723039",
    "rndmNo" : "2411",
    "hsno" : 1,
    "ctfnTokn" : "",
    "ogtsTrnnNo" : "",
    "prsnInfoIncsYn" : "N",
    "itfcId" : "HLIMVC00007",
    "rcveSrvcId" : "icsIntgCustPSI008r",
    "rcveSysCode" : "ICS",
    "mciNodeNo" : "",
    "mciSesnId" : "",
    "serverType" : "Q",
    "rspnDvsnCode" : "S",
    "extlDvsnCode" : "1",
    "emnb" : "1077593",
    "belnOrgnCode" : "00630",
    "custId" : "",
    "chnlTypeCode" : "SVR",
    "scrnId" : "",
    "befoScrnId" : "",
    "userTmunIdnfVal" : "",
    "rqsrIp" : "",
    "rqstDttm" : "",
    "totalCount" : 0,
    "lastPageYn" : "",
    "baseCrny" : "",
    "baseCnty" : "",
    "baseLang" : "",
    "tscsRqstVal" : "",
    "tlgrRspnDttm" : "",
    "prcsRsltDvsnCode" : "",
    "msgeListCont" : 1,
    "msgeList" : [ ],
    "msgeStackTrace" : "",
    "postfixSysCode" : "",
    "subTrnmSysType" : ""
  },
  "payload" : {
    "custId" : "6068807976"
  }
}, encrypt=false]
